
2024-04-30 12:58:58PM |-------------------------------------------------------------------
Array
(
    [0] => stdClass Object
        (
            [Id] => 1
            [LineNum] => 1
            [Description] => Monthly Membership
            [Amount] => 208333.33
            [DetailType] => SalesItemLineDetail
            [SalesItemLineDetail] => stdClass Object
                (
                    [TaxInclusiveAmt] => 245833.33
                    [ItemRef] => stdClass Object
                        (
                            [value] => 1246
                            [name] => Gym:Monthly Membership
                        )

                    [UnitPrice] => 208333.33
                    [Qty] => 1
                    [ItemAccountRef] => stdClass Object
                        (
                            [value] => 210
                            [name] => Services
                        )

                    [TaxCodeRef] => stdClass Object
                        (
                            [value] => 51
                        )

                )

        )

    [1] => stdClass Object
        (
            [Id] => 2
            [LineNum] => 2
            [Amount] => 16949.15
            [DetailType] => SalesItemLineDetail
            [SalesItemLineDetail] => stdClass Object
                (
                    [TaxInclusiveAmt] => 20000
                    [ItemRef] => stdClass Object
                        (
                            [value] => 1245
                            [name] => Gym:Daily Pass
                        )

                    [UnitPrice] => 16949.15
                    [Qty] => 1
                    [ItemAccountRef] => stdClass Object
                        (
                            [value] => 210
                            [name] => Services
                        )

                    [TaxCodeRef] => stdClass Object
                        (
                            [value] => 51
                        )

                )

        )

    [2] => stdClass Object
        (
            [Amount] => 225282.48
            [DetailType] => SubTotalLineDetail
            [SubTotalLineDetail] => Array
                (
                )

        )

    [3] => stdClass Object
        (
            [Amount] => 5000
            [DetailType] => DiscountLineDetail
            [DiscountLineDetail] => stdClass Object
                (
                    [PercentBased] => 
                    [DiscountAccountRef] => stdClass Object
                        (
                            [value] => 226
                            [name] => Discounts given
                        )

                )

        )

)

2024-04-30 01:01:06PM |-------------------------------------------------------------------
Array
(
    [0] => stdClass Object
        (
            [Id] => 1
            [LineNum] => 1
            [Description] => Monthly Membership
            [Amount] => 208333.33
            [DetailType] => SalesItemLineDetail
            [SalesItemLineDetail] => stdClass Object
                (
                    [TaxInclusiveAmt] => 245833.33
                    [ItemRef] => stdClass Object
                        (
                            [value] => 1246
                            [name] => Gym:Monthly Membership
                        )

                    [UnitPrice] => 208333.33
                    [Qty] => 1
                    [ItemAccountRef] => stdClass Object
                        (
                            [value] => 210
                            [name] => Services
                        )

                    [TaxCodeRef] => stdClass Object
                        (
                            [value] => 51
                        )

                )

        )

    [1] => stdClass Object
        (
            [Id] => 2
            [LineNum] => 2
            [Amount] => 16949.15
            [DetailType] => SalesItemLineDetail
            [SalesItemLineDetail] => stdClass Object
                (
                    [TaxInclusiveAmt] => 20000
                    [ItemRef] => stdClass Object
                        (
                            [value] => 1245
                            [name] => Gym:Daily Pass
                        )

                    [UnitPrice] => 16949.15
                    [Qty] => 1
                    [ItemAccountRef] => stdClass Object
                        (
                            [value] => 210
                            [name] => Services
                        )

                    [TaxCodeRef] => stdClass Object
                        (
                            [value] => 51
                        )

                )

        )

    [2] => stdClass Object
        (
            [Amount] => 225282.48
            [DetailType] => SubTotalLineDetail
            [SubTotalLineDetail] => Array
                (
                )

        )

    [3] => stdClass Object
        (
            [Amount] => 5000
            [DetailType] => DiscountLineDetail
            [DiscountLineDetail] => stdClass Object
                (
                    [PercentBased] => 
                    [DiscountAccountRef] => stdClass Object
                        (
                            [value] => 226
                            [name] => Discounts given
                        )

                )

        )

)

2024-04-30 01:01:09PM |-------------------------------------------------------------------
Array
(
    [0] => stdClass Object
        (
            [Id] => 1
            [LineNum] => 1
            [Description] => Consultation --Discount Invoice
            [Amount] => 8474.58
            [DetailType] => SalesItemLineDetail
            [SalesItemLineDetail] => stdClass Object
                (
                    [TaxInclusiveAmt] => 10000
                    [ItemRef] => stdClass Object
                        (
                            [value] => 1243
                            [name] => Consultation
                        )

                    [UnitPrice] => 8474.58
                    [Qty] => 1
                    [ItemAccountRef] => stdClass Object
                        (
                            [value] => 210
                            [name] => Services
                        )

                    [TaxCodeRef] => stdClass Object
                        (
                            [value] => 51
                        )

                )

        )

    [1] => stdClass Object
        (
            [Id] => 2
            [LineNum] => 2
            [Description] => --Discount Invoice
            [Amount] => 6500
            [DetailType] => SalesItemLineDetail
            [SalesItemLineDetail] => stdClass Object
                (
                    [TaxInclusiveAmt] => 6500
                    [ItemRef] => stdClass Object
                        (
                            [value] => 1248
                            [name] => Ground Nuts
                        )

                    [UnitPrice] => 6500
                    [Qty] => 1
                    [ItemAccountRef] => stdClass Object
                        (
                            [value] => 216
                            [name] => Sales of Product Income
                        )

                    [TaxCodeRef] => stdClass Object
                        (
                            [value] => 49
                        )

                )

        )

    [2] => stdClass Object
        (
            [Amount] => 14974.58
            [DetailType] => SubTotalLineDetail
            [SubTotalLineDetail] => Array
                (
                )

        )

    [3] => stdClass Object
        (
            [Amount] => 2246.19
            [DetailType] => DiscountLineDetail
            [DiscountLineDetail] => stdClass Object
                (
                    [PercentBased] => 1
                    [DiscountPercent] => 15
                    [DiscountAccountRef] => stdClass Object
                        (
                            [value] => 226
                            [name] => Discounts given
                        )

                )

        )

)

2024-04-30 01:01:12PM |-------------------------------------------------------------------
Array
(
    [0] => stdClass Object
        (
            [Id] => 1
            [LineNum] => 1
            [Description] => Consultation
            [Amount] => 8474.58
            [DetailType] => SalesItemLineDetail
            [SalesItemLineDetail] => stdClass Object
                (
                    [TaxInclusiveAmt] => 10000
                    [ItemRef] => stdClass Object
                        (
                            [value] => 1243
                            [name] => Consultation
                        )

                    [UnitPrice] => 8474.58
                    [Qty] => 1
                    [ItemAccountRef] => stdClass Object
                        (
                            [value] => 210
                            [name] => Services
                        )

                    [TaxCodeRef] => stdClass Object
                        (
                            [value] => 51
                        )

                )

        )

    [1] => stdClass Object
        (
            [Amount] => 8474.58
            [DetailType] => SubTotalLineDetail
            [SubTotalLineDetail] => Array
                (
                )

        )

)

2024-04-30 01:01:15PM |-------------------------------------------------------------------
Array
(
    [0] => stdClass Object
        (
            [Id] => 1
            [LineNum] => 1
            [Amount] => 16666.67
            [DetailType] => SalesItemLineDetail
            [SalesItemLineDetail] => stdClass Object
                (
                    [TaxInclusiveAmt] => 20000
                    [ItemRef] => stdClass Object
                        (
                            [value] => 1245
                            [name] => Gym:Daily Pass
                        )

                    [UnitPrice] => 16666.67
                    [Qty] => 1
                    [ItemAccountRef] => stdClass Object
                        (
                            [value] => 210
                            [name] => Services
                        )

                    [TaxCodeRef] => stdClass Object
                        (
                            [value] => 38
                        )

                )

        )

    [1] => stdClass Object
        (
            [Id] => 2
            [LineNum] => 2
            [Description] => Monthly Membership
            [Amount] => 208333.33
            [DetailType] => SalesItemLineDetail
            [SalesItemLineDetail] => stdClass Object
                (
                    [TaxInclusiveAmt] => 250000
                    [ItemRef] => stdClass Object
                        (
                            [value] => 1246
                            [name] => Gym:Monthly Membership
                        )

                    [UnitPrice] => 208333.33
                    [Qty] => 1
                    [ItemAccountRef] => stdClass Object
                        (
                            [value] => 210
                            [name] => Services
                        )

                    [TaxCodeRef] => stdClass Object
                        (
                            [value] => 38
                        )

                )

        )

    [2] => stdClass Object
        (
            [Amount] => 225000
            [DetailType] => SubTotalLineDetail
            [SubTotalLineDetail] => Array
                (
                )

        )

)

2024-04-30 01:01:18PM |-------------------------------------------------------------------
Array
(
    [0] => stdClass Object
        (
            [Id] => 1
            [LineNum] => 1
            [Description] => Consultation
            [Amount] => 10000
            [DetailType] => SalesItemLineDetail
            [SalesItemLineDetail] => stdClass Object
                (
                    [ItemRef] => stdClass Object
                        (
                            [value] => 1243
                            [name] => Consultation
                        )

                    [UnitPrice] => 10000
                    [Qty] => 1
                    [ItemAccountRef] => stdClass Object
                        (
                            [value] => 210
                            [name] => Services
                        )

                )

        )

    [1] => stdClass Object
        (
            [Amount] => 10000
            [DetailType] => SubTotalLineDetail
            [SubTotalLineDetail] => Array
                (
                )

        )

)

2024-04-30 01:01:22PM |-------------------------------------------------------------------
Array
(
    [0] => stdClass Object
        (
            [Id] => 1
            [LineNum] => 1
            [Description] => Software Development
            [Amount] => 423728.81
            [DetailType] => SalesItemLineDetail
            [SalesItemLineDetail] => stdClass Object
                (
                    [TaxInclusiveAmt] => 500000
                    [ItemRef] => stdClass Object
                        (
                            [value] => 1249
                            [name] => Software Development
                        )

                    [UnitPrice] => 423728.81
                    [Qty] => 1
                    [ItemAccountRef] => stdClass Object
                        (
                            [value] => 210
                            [name] => Services
                        )

                    [TaxCodeRef] => stdClass Object
                        (
                            [value] => 51
                        )

                )

        )

    [1] => stdClass Object
        (
            [Amount] => 423728.81
            [DetailType] => SubTotalLineDetail
            [SubTotalLineDetail] => Array
                (
                )

        )

)

2024-04-30 01:01:25PM |-------------------------------------------------------------------
Array
(
    [0] => stdClass Object
        (
            [Id] => 1
            [LineNum] => 1
            [Amount] => 2000000
            [DetailType] => SalesItemLineDetail
            [SalesItemLineDetail] => stdClass Object
                (
                    [TaxInclusiveAmt] => 2000000
                    [ItemRef] => stdClass Object
                        (
                            [value] => 1250
                            [name] => Road Construction Service
                        )

                    [UnitPrice] => 2000000
                    [Qty] => 1
                    [ItemAccountRef] => stdClass Object
                        (
                            [value] => 210
                            [name] => Services
                        )

                    [TaxCodeRef] => stdClass Object
                        (
                            [value] => 49
                        )

                )

        )

    [1] => stdClass Object
        (
            [Id] => 2
            [LineNum] => 2
            [Description] => Software Development
            [Amount] => 423728.81
            [DetailType] => SalesItemLineDetail
            [SalesItemLineDetail] => stdClass Object
                (
                    [TaxInclusiveAmt] => 500000
                    [ItemRef] => stdClass Object
                        (
                            [value] => 1249
                            [name] => Software Development
                        )

                    [UnitPrice] => 423728.81
                    [Qty] => 1
                    [ItemAccountRef] => stdClass Object
                        (
                            [value] => 210
                            [name] => Services
                        )

                    [TaxCodeRef] => stdClass Object
                        (
                            [value] => 51
                        )

                )

        )

    [2] => stdClass Object
        (
            [Id] => 3
            [LineNum] => 3
            [Description] => Consultation
            [Amount] => 10000
            [DetailType] => SalesItemLineDetail
            [SalesItemLineDetail] => stdClass Object
                (
                    [TaxInclusiveAmt] => 10000
                    [ItemRef] => stdClass Object
                        (
                            [value] => 1243
                            [name] => Consultation
                        )

                    [UnitPrice] => 10000
                    [Qty] => 1
                    [ItemAccountRef] => stdClass Object
                        (
                            [value] => 210
                            [name] => Services
                        )

                    [TaxCodeRef] => stdClass Object
                        (
                            [value] => 42
                        )

                )

        )

    [3] => stdClass Object
        (
            [Amount] => 2433728.81
            [DetailType] => SubTotalLineDetail
            [SubTotalLineDetail] => Array
                (
                )

        )

    [4] => stdClass Object
        (
            [Amount] => 40000
            [DetailType] => DiscountLineDetail
            [DiscountLineDetail] => stdClass Object
                (
                    [PercentBased] => 
                    [DiscountAccountRef] => stdClass Object
                        (
                            [value] => 226
                            [name] => Discounts given
                        )

                )

        )

)

2024-04-30 01:01:27PM |-------------------------------------------------------------------
Array
(
    [0] => stdClass Object
        (
            [Id] => 1
            [LineNum] => 1
            [Amount] => 847.46
            [DetailType] => SalesItemLineDetail
            [SalesItemLineDetail] => stdClass Object
                (
                    [TaxInclusiveAmt] => 1000
                    [ItemRef] => stdClass Object
                        (
                            [value] => 1251
                            [name] => Fanta 300mls
                        )

                    [UnitPrice] => 847.46
                    [Qty] => 1
                    [ItemAccountRef] => stdClass Object
                        (
                            [value] => 216
                            [name] => Sales of Product Income
                        )

                    [TaxCodeRef] => stdClass Object
                        (
                            [value] => 51
                        )

                )

        )

    [1] => stdClass Object
        (
            [Id] => 2
            [LineNum] => 2
            [Description] => Fanta 500mls
            [Amount] => 1271.19
            [DetailType] => SalesItemLineDetail
            [SalesItemLineDetail] => stdClass Object
                (
                    [TaxInclusiveAmt] => 1500
                    [ItemRef] => stdClass Object
                        (
                            [value] => 1252
                            [name] => Fanta 500mls
                        )

                    [UnitPrice] => 1271.19
                    [Qty] => 1
                    [ItemAccountRef] => stdClass Object
                        (
                            [value] => 216
                            [name] => Sales of Product Income
                        )

                    [TaxCodeRef] => stdClass Object
                        (
                            [value] => 51
                        )

                )

        )

    [2] => stdClass Object
        (
            [Amount] => 2118.65
            [DetailType] => SubTotalLineDetail
            [SubTotalLineDetail] => Array
                (
                )

        )

    [3] => stdClass Object
        (
            [Amount] => 423.73
            [DetailType] => DiscountLineDetail
            [DiscountLineDetail] => stdClass Object
                (
                    [PercentBased] => 1
                    [DiscountPercent] => 20
                    [DiscountAccountRef] => stdClass Object
                        (
                            [value] => 226
                            [name] => Discounts given
                        )

                )

        )

)

2024-04-30 01:01:30PM |-------------------------------------------------------------------
Array
(
    [0] => stdClass Object
        (
            [Id] => 1
            [LineNum] => 1
            [Amount] => 16949.15
            [DetailType] => SalesItemLineDetail
            [SalesItemLineDetail] => stdClass Object
                (
                    [TaxInclusiveAmt] => 20000
                    [ItemRef] => stdClass Object
                        (
                            [value] => 1245
                            [name] => Gym:Daily Pass
                        )

                    [UnitPrice] => 16949.15
                    [Qty] => 1
                    [ItemAccountRef] => stdClass Object
                        (
                            [value] => 210
                            [name] => Services
                        )

                    [TaxCodeRef] => stdClass Object
                        (
                            [value] => 51
                        )

                )

        )

    [1] => stdClass Object
        (
            [Amount] => 16949.15
            [DetailType] => SubTotalLineDetail
            [SubTotalLineDetail] => Array
                (
                )

        )

)

2024-04-30 01:15:14PM |-------------------------------------------------------------------
Array
(
    [0] => stdClass Object
        (
            [Id] => 1
            [LineNum] => 1
            [Description] => Software Development
            [Amount] => 423728.81
            [DetailType] => SalesItemLineDetail
            [SalesItemLineDetail] => stdClass Object
                (
                    [ItemRef] => stdClass Object
                        (
                            [value] => 1249
                            [name] => Software Development
                        )

                    [UnitPrice] => 423728.81
                    [Qty] => 1
                    [TaxCodeRef] => stdClass Object
                        (
                            [value] => 51
                        )

                )

        )

    [1] => stdClass Object
        (
            [Amount] => 423728.81
            [DetailType] => SubTotalLineDetail
            [SubTotalLineDetail] => Array
                (
                )

        )

    [2] => stdClass Object
        (
            [Amount] => 63559.32
            [DetailType] => DiscountLineDetail
            [DiscountLineDetail] => stdClass Object
                (
                    [PercentBased] => 1
                    [DiscountPercent] => 15
                    [DiscountAccountRef] => stdClass Object
                        (
                            [value] => 226
                            [name] => Discounts given
                        )

                )

        )

)

2024-04-30 01:15:18PM |-------------------------------------------------------------------
Array
(
    [0] => stdClass Object
        (
            [Id] => 1
            [LineNum] => 1
            [Description] => Consultation
            [Amount] => 8474.58
            [DetailType] => SalesItemLineDetail
            [SalesItemLineDetail] => stdClass Object
                (
                    [ItemRef] => stdClass Object
                        (
                            [value] => 1243
                            [name] => Consultation
                        )

                    [UnitPrice] => 8474.58
                    [Qty] => 1
                    [TaxCodeRef] => stdClass Object
                        (
                            [value] => 51
                        )

                )

        )

    [1] => stdClass Object
        (
            [Amount] => 8474.58
            [DetailType] => SubTotalLineDetail
            [SubTotalLineDetail] => Array
                (
                )

        )

)

2024-04-30 01:15:21PM |-------------------------------------------------------------------
Array
(
    [0] => stdClass Object
        (
            [Id] => 1
            [LineNum] => 1
            [Amount] => 2000
            [DetailType] => SalesItemLineDetail
            [SalesItemLineDetail] => stdClass Object
                (
                    [ItemRef] => stdClass Object
                        (
                            [value] => 1247
                            [name] => Maize Flour 1kg
                        )

                    [UnitPrice] => 2000
                    [Qty] => 1
                    [TaxCodeRef] => stdClass Object
                        (
                            [value] => 49
                        )

                )

        )

    [1] => stdClass Object
        (
            [Id] => 2
            [LineNum] => 2
            [Amount] => 6500
            [DetailType] => SalesItemLineDetail
            [SalesItemLineDetail] => stdClass Object
                (
                    [ItemRef] => stdClass Object
                        (
                            [value] => 1248
                            [name] => Ground Nuts
                        )

                    [UnitPrice] => 6500
                    [Qty] => 1
                    [TaxCodeRef] => stdClass Object
                        (
                            [value] => 42
                        )

                )

        )

    [2] => stdClass Object
        (
            [Id] => 3
            [LineNum] => 3
            [Description] => Consultation
            [Amount] => 10000
            [DetailType] => SalesItemLineDetail
            [SalesItemLineDetail] => stdClass Object
                (
                    [ItemRef] => stdClass Object
                        (
                            [value] => 1243
                            [name] => Consultation
                        )

                    [UnitPrice] => 10000
                    [Qty] => 1
                    [TaxCodeRef] => stdClass Object
                        (
                            [value] => 51
                        )

                )

        )

    [3] => stdClass Object
        (
            [Amount] => 18500
            [DetailType] => SubTotalLineDetail
            [SubTotalLineDetail] => Array
                (
                )

        )

)

2024-04-30 01:15:24PM |-------------------------------------------------------------------
Array
(
    [0] => stdClass Object
        (
            [Id] => 1
            [LineNum] => 1
            [Amount] => 1694.92
            [DetailType] => SalesItemLineDetail
            [SalesItemLineDetail] => stdClass Object
                (
                    [ItemRef] => stdClass Object
                        (
                            [value] => 1247
                            [name] => Maize Flour 1kg
                        )

                    [UnitPrice] => 1694.92
                    [Qty] => 1
                    [TaxCodeRef] => stdClass Object
                        (
                            [value] => 51
                        )

                )

        )

    [1] => stdClass Object
        (
            [Amount] => 1694.92
            [DetailType] => SubTotalLineDetail
            [SubTotalLineDetail] => Array
                (
                )

        )

)

2024-04-30 01:15:27PM |-------------------------------------------------------------------
Array
(
    [0] => stdClass Object
        (
            [Id] => 1
            [LineNum] => 1
            [Description] => Consultation
            [Amount] => 10000
            [DetailType] => SalesItemLineDetail
            [SalesItemLineDetail] => stdClass Object
                (
                    [ItemRef] => stdClass Object
                        (
                            [value] => 1243
                            [name] => Consultation
                        )

                    [UnitPrice] => 10000
                    [Qty] => 1
                    [TaxCodeRef] => stdClass Object
                        (
                            [value] => 38
                        )

                )

        )

    [1] => stdClass Object
        (
            [Id] => 2
            [LineNum] => 2
            [Description] => Consultation
            [Amount] => 10000
            [DetailType] => SalesItemLineDetail
            [SalesItemLineDetail] => stdClass Object
                (
                    [ItemRef] => stdClass Object
                        (
                            [value] => 1243
                            [name] => Consultation
                        )

                    [UnitPrice] => 10000
                    [Qty] => 1
                    [TaxCodeRef] => stdClass Object
                        (
                            [value] => 42
                        )

                )

        )

    [2] => stdClass Object
        (
            [Id] => 3
            [LineNum] => 3
            [Description] => Consultation
            [Amount] => 10000
            [DetailType] => SalesItemLineDetail
            [SalesItemLineDetail] => stdClass Object
                (
                    [ItemRef] => stdClass Object
                        (
                            [value] => 1243
                            [name] => Consultation
                        )

                    [UnitPrice] => 10000
                    [Qty] => 1
                    [TaxCodeRef] => stdClass Object
                        (
                            [value] => 49
                        )

                )

        )

    [3] => stdClass Object
        (
            [Amount] => 30000
            [DetailType] => SubTotalLineDetail
            [SubTotalLineDetail] => Array
                (
                )

        )

)

2024-04-30 01:15:30PM |-------------------------------------------------------------------
Array
(
    [0] => stdClass Object
        (
            [Id] => 1
            [LineNum] => 1
            [Description] => Consultation
            [Amount] => 10000
            [DetailType] => SalesItemLineDetail
            [SalesItemLineDetail] => stdClass Object
                (
                    [ItemRef] => stdClass Object
                        (
                            [value] => 1243
                            [name] => Consultation
                        )

                    [UnitPrice] => 10000
                    [Qty] => 1
                )

        )

    [1] => stdClass Object
        (
            [Amount] => 10000
            [DetailType] => SubTotalLineDetail
            [SubTotalLineDetail] => Array
                (
                )

        )

)

2024-04-30 01:28:39PM |-------------------------------------------------------------------
Array
(
    [0] => stdClass Object
        (
            [Id] => 1
            [LineNum] => 1
            [Description] => Software Development
            [Amount] => 423728.81
            [DetailType] => SalesItemLineDetail
            [SalesItemLineDetail] => stdClass Object
                (
                    [ItemRef] => stdClass Object
                        (
                            [value] => 1249
                            [name] => Software Development
                        )

                    [UnitPrice] => 423728.81
                    [Qty] => 1
                    [TaxCodeRef] => stdClass Object
                        (
                            [value] => 51
                        )

                )

        )

    [1] => stdClass Object
        (
            [Amount] => 423728.81
            [DetailType] => SubTotalLineDetail
            [SubTotalLineDetail] => Array
                (
                )

        )

    [2] => stdClass Object
        (
            [Amount] => 63559.32
            [DetailType] => DiscountLineDetail
            [DiscountLineDetail] => stdClass Object
                (
                    [PercentBased] => 1
                    [DiscountPercent] => 15
                    [DiscountAccountRef] => stdClass Object
                        (
                            [value] => 226
                            [name] => Discounts given
                        )

                )

        )

)

2024-04-30 01:28:42PM |-------------------------------------------------------------------
Array
(
    [0] => stdClass Object
        (
            [Id] => 1
            [LineNum] => 1
            [Description] => Consultation
            [Amount] => 8474.58
            [DetailType] => SalesItemLineDetail
            [SalesItemLineDetail] => stdClass Object
                (
                    [ItemRef] => stdClass Object
                        (
                            [value] => 1243
                            [name] => Consultation
                        )

                    [UnitPrice] => 8474.58
                    [Qty] => 1
                    [TaxCodeRef] => stdClass Object
                        (
                            [value] => 51
                        )

                )

        )

    [1] => stdClass Object
        (
            [Amount] => 8474.58
            [DetailType] => SubTotalLineDetail
            [SubTotalLineDetail] => Array
                (
                )

        )

)

2024-04-30 01:28:45PM |-------------------------------------------------------------------
Array
(
    [0] => stdClass Object
        (
            [Id] => 1
            [LineNum] => 1
            [Amount] => 2000
            [DetailType] => SalesItemLineDetail
            [SalesItemLineDetail] => stdClass Object
                (
                    [ItemRef] => stdClass Object
                        (
                            [value] => 1247
                            [name] => Maize Flour 1kg
                        )

                    [UnitPrice] => 2000
                    [Qty] => 1
                    [TaxCodeRef] => stdClass Object
                        (
                            [value] => 49
                        )

                )

        )

    [1] => stdClass Object
        (
            [Id] => 2
            [LineNum] => 2
            [Amount] => 6500
            [DetailType] => SalesItemLineDetail
            [SalesItemLineDetail] => stdClass Object
                (
                    [ItemRef] => stdClass Object
                        (
                            [value] => 1248
                            [name] => Ground Nuts
                        )

                    [UnitPrice] => 6500
                    [Qty] => 1
                    [TaxCodeRef] => stdClass Object
                        (
                            [value] => 42
                        )

                )

        )

    [2] => stdClass Object
        (
            [Id] => 3
            [LineNum] => 3
            [Description] => Consultation
            [Amount] => 10000
            [DetailType] => SalesItemLineDetail
            [SalesItemLineDetail] => stdClass Object
                (
                    [ItemRef] => stdClass Object
                        (
                            [value] => 1243
                            [name] => Consultation
                        )

                    [UnitPrice] => 10000
                    [Qty] => 1
                    [TaxCodeRef] => stdClass Object
                        (
                            [value] => 51
                        )

                )

        )

    [3] => stdClass Object
        (
            [Amount] => 18500
            [DetailType] => SubTotalLineDetail
            [SubTotalLineDetail] => Array
                (
                )

        )

)

2024-04-30 01:28:48PM |-------------------------------------------------------------------
Array
(
    [0] => stdClass Object
        (
            [Id] => 1
            [LineNum] => 1
            [Amount] => 1694.92
            [DetailType] => SalesItemLineDetail
            [SalesItemLineDetail] => stdClass Object
                (
                    [ItemRef] => stdClass Object
                        (
                            [value] => 1247
                            [name] => Maize Flour 1kg
                        )

                    [UnitPrice] => 1694.92
                    [Qty] => 1
                    [TaxCodeRef] => stdClass Object
                        (
                            [value] => 51
                        )

                )

        )

    [1] => stdClass Object
        (
            [Amount] => 1694.92
            [DetailType] => SubTotalLineDetail
            [SubTotalLineDetail] => Array
                (
                )

        )

)

2024-04-30 01:28:51PM |-------------------------------------------------------------------
Array
(
    [0] => stdClass Object
        (
            [Id] => 1
            [LineNum] => 1
            [Description] => Consultation
            [Amount] => 10000
            [DetailType] => SalesItemLineDetail
            [SalesItemLineDetail] => stdClass Object
                (
                    [ItemRef] => stdClass Object
                        (
                            [value] => 1243
                            [name] => Consultation
                        )

                    [UnitPrice] => 10000
                    [Qty] => 1
                    [TaxCodeRef] => stdClass Object
                        (
                            [value] => 38
                        )

                )

        )

    [1] => stdClass Object
        (
            [Id] => 2
            [LineNum] => 2
            [Description] => Consultation
            [Amount] => 10000
            [DetailType] => SalesItemLineDetail
            [SalesItemLineDetail] => stdClass Object
                (
                    [ItemRef] => stdClass Object
                        (
                            [value] => 1243
                            [name] => Consultation
                        )

                    [UnitPrice] => 10000
                    [Qty] => 1
                    [TaxCodeRef] => stdClass Object
                        (
                            [value] => 42
                        )

                )

        )

    [2] => stdClass Object
        (
            [Id] => 3
            [LineNum] => 3
            [Description] => Consultation
            [Amount] => 10000
            [DetailType] => SalesItemLineDetail
            [SalesItemLineDetail] => stdClass Object
                (
                    [ItemRef] => stdClass Object
                        (
                            [value] => 1243
                            [name] => Consultation
                        )

                    [UnitPrice] => 10000
                    [Qty] => 1
                    [TaxCodeRef] => stdClass Object
                        (
                            [value] => 49
                        )

                )

        )

    [3] => stdClass Object
        (
            [Amount] => 30000
            [DetailType] => SubTotalLineDetail
            [SubTotalLineDetail] => Array
                (
                )

        )

)

2024-04-30 01:28:54PM |-------------------------------------------------------------------
Array
(
    [0] => stdClass Object
        (
            [Id] => 1
            [LineNum] => 1
            [Description] => Consultation
            [Amount] => 10000
            [DetailType] => SalesItemLineDetail
            [SalesItemLineDetail] => stdClass Object
                (
                    [ItemRef] => stdClass Object
                        (
                            [value] => 1243
                            [name] => Consultation
                        )

                    [UnitPrice] => 10000
                    [Qty] => 1
                )

        )

    [1] => stdClass Object
        (
            [Amount] => 10000
            [DetailType] => SubTotalLineDetail
            [SubTotalLineDetail] => Array
                (
                )

        )

)

2024-04-30 01:31:40PM |-------------------------------------------------------------------
Array
(
    [0] => stdClass Object
        (
            [Id] => 1
            [LineNum] => 1
            [Description] => Software Development
            [Amount] => 423728.81
            [DetailType] => SalesItemLineDetail
            [SalesItemLineDetail] => stdClass Object
                (
                    [ItemRef] => stdClass Object
                        (
                            [value] => 1249
                            [name] => Software Development
                        )

                    [UnitPrice] => 423728.81
                    [Qty] => 1
                    [TaxCodeRef] => stdClass Object
                        (
                            [value] => 51
                        )

                )

        )

    [1] => stdClass Object
        (
            [Amount] => 423728.81
            [DetailType] => SubTotalLineDetail
            [SubTotalLineDetail] => Array
                (
                )

        )

    [2] => stdClass Object
        (
            [Amount] => 63559.32
            [DetailType] => DiscountLineDetail
            [DiscountLineDetail] => stdClass Object
                (
                    [PercentBased] => 1
                    [DiscountPercent] => 15
                    [DiscountAccountRef] => stdClass Object
                        (
                            [value] => 226
                            [name] => Discounts given
                        )

                )

        )

)

2024-04-30 01:31:43PM |-------------------------------------------------------------------
Array
(
    [0] => stdClass Object
        (
            [Id] => 1
            [LineNum] => 1
            [Description] => Consultation
            [Amount] => 8474.58
            [DetailType] => SalesItemLineDetail
            [SalesItemLineDetail] => stdClass Object
                (
                    [ItemRef] => stdClass Object
                        (
                            [value] => 1243
                            [name] => Consultation
                        )

                    [UnitPrice] => 8474.58
                    [Qty] => 1
                    [TaxCodeRef] => stdClass Object
                        (
                            [value] => 51
                        )

                )

        )

    [1] => stdClass Object
        (
            [Amount] => 8474.58
            [DetailType] => SubTotalLineDetail
            [SubTotalLineDetail] => Array
                (
                )

        )

)

2024-04-30 01:31:46PM |-------------------------------------------------------------------
Array
(
    [0] => stdClass Object
        (
            [Id] => 1
            [LineNum] => 1
            [Amount] => 2000
            [DetailType] => SalesItemLineDetail
            [SalesItemLineDetail] => stdClass Object
                (
                    [ItemRef] => stdClass Object
                        (
                            [value] => 1247
                            [name] => Maize Flour 1kg
                        )

                    [UnitPrice] => 2000
                    [Qty] => 1
                    [TaxCodeRef] => stdClass Object
                        (
                            [value] => 49
                        )

                )

        )

    [1] => stdClass Object
        (
            [Id] => 2
            [LineNum] => 2
            [Amount] => 6500
            [DetailType] => SalesItemLineDetail
            [SalesItemLineDetail] => stdClass Object
                (
                    [ItemRef] => stdClass Object
                        (
                            [value] => 1248
                            [name] => Ground Nuts
                        )

                    [UnitPrice] => 6500
                    [Qty] => 1
                    [TaxCodeRef] => stdClass Object
                        (
                            [value] => 42
                        )

                )

        )

    [2] => stdClass Object
        (
            [Id] => 3
            [LineNum] => 3
            [Description] => Consultation
            [Amount] => 10000
            [DetailType] => SalesItemLineDetail
            [SalesItemLineDetail] => stdClass Object
                (
                    [ItemRef] => stdClass Object
                        (
                            [value] => 1243
                            [name] => Consultation
                        )

                    [UnitPrice] => 10000
                    [Qty] => 1
                    [TaxCodeRef] => stdClass Object
                        (
                            [value] => 51
                        )

                )

        )

    [3] => stdClass Object
        (
            [Amount] => 18500
            [DetailType] => SubTotalLineDetail
            [SubTotalLineDetail] => Array
                (
                )

        )

)

2024-04-30 01:31:49PM |-------------------------------------------------------------------
Array
(
    [0] => stdClass Object
        (
            [Id] => 1
            [LineNum] => 1
            [Amount] => 1694.92
            [DetailType] => SalesItemLineDetail
            [SalesItemLineDetail] => stdClass Object
                (
                    [ItemRef] => stdClass Object
                        (
                            [value] => 1247
                            [name] => Maize Flour 1kg
                        )

                    [UnitPrice] => 1694.92
                    [Qty] => 1
                    [TaxCodeRef] => stdClass Object
                        (
                            [value] => 51
                        )

                )

        )

    [1] => stdClass Object
        (
            [Amount] => 1694.92
            [DetailType] => SubTotalLineDetail
            [SubTotalLineDetail] => Array
                (
                )

        )

)

2024-04-30 01:31:52PM |-------------------------------------------------------------------
Array
(
    [0] => stdClass Object
        (
            [Id] => 1
            [LineNum] => 1
            [Description] => Consultation
            [Amount] => 10000
            [DetailType] => SalesItemLineDetail
            [SalesItemLineDetail] => stdClass Object
                (
                    [ItemRef] => stdClass Object
                        (
                            [value] => 1243
                            [name] => Consultation
                        )

                    [UnitPrice] => 10000
                    [Qty] => 1
                    [TaxCodeRef] => stdClass Object
                        (
                            [value] => 38
                        )

                )

        )

    [1] => stdClass Object
        (
            [Id] => 2
            [LineNum] => 2
            [Description] => Consultation
            [Amount] => 10000
            [DetailType] => SalesItemLineDetail
            [SalesItemLineDetail] => stdClass Object
                (
                    [ItemRef] => stdClass Object
                        (
                            [value] => 1243
                            [name] => Consultation
                        )

                    [UnitPrice] => 10000
                    [Qty] => 1
                    [TaxCodeRef] => stdClass Object
                        (
                            [value] => 42
                        )

                )

        )

    [2] => stdClass Object
        (
            [Id] => 3
            [LineNum] => 3
            [Description] => Consultation
            [Amount] => 10000
            [DetailType] => SalesItemLineDetail
            [SalesItemLineDetail] => stdClass Object
                (
                    [ItemRef] => stdClass Object
                        (
                            [value] => 1243
                            [name] => Consultation
                        )

                    [UnitPrice] => 10000
                    [Qty] => 1
                    [TaxCodeRef] => stdClass Object
                        (
                            [value] => 49
                        )

                )

        )

    [3] => stdClass Object
        (
            [Amount] => 30000
            [DetailType] => SubTotalLineDetail
            [SubTotalLineDetail] => Array
                (
                )

        )

)

2024-04-30 01:31:55PM |-------------------------------------------------------------------
Array
(
    [0] => stdClass Object
        (
            [Id] => 1
            [LineNum] => 1
            [Description] => Consultation
            [Amount] => 10000
            [DetailType] => SalesItemLineDetail
            [SalesItemLineDetail] => stdClass Object
                (
                    [ItemRef] => stdClass Object
                        (
                            [value] => 1243
                            [name] => Consultation
                        )

                    [UnitPrice] => 10000
                    [Qty] => 1
                )

        )

    [1] => stdClass Object
        (
            [Amount] => 10000
            [DetailType] => SubTotalLineDetail
            [SubTotalLineDetail] => Array
                (
                )

        )

)

"{\"Item\":{\"Name\":\"Fanta 300mls\",\"Sku\":\"Fanta 300mls\",\"Active\":true,\"FullyQualifiedName\":\"Fanta 300mls\",\"Taxable\":false,\"SalesTaxIncluded\":true,\"UnitPrice\":1000,\"Type\":\"Inventory\",\"IncomeAccountRef\":{\"value\":\"216\",\"name\":\"Sales of Product Income\"},\"PurchaseTaxIncluded\":false,\"PurchaseCost\":0,\"ExpenseAccountRef\":{\"value\":\"217\",\"name\":\"Cost of sales\"},\"AssetAccountRef\":{\"value\":\"218\",\"name\":\"Stock Asset\"},\"TrackQtyOnHand\":true,\"QtyOnHand\":13,\"ReorderPoint\":2,\"SalesTaxCodeRef\":{\"value\":\"51\",\"name\":\"VAT\"},\"InvStartDate\":\"2024-04-29\",\"domain\":\"QBO\",\"sparse\":false,\"Id\":\"1251\",\"SyncToken\":\"0\",\"MetaData\":{\"CreateTime\":\"2024-04-29T10:26:25-07:00\",\"LastUpdatedTime\":\"2024-04-29T10:30:20-07:00\"}},\"time\":\"2024-04-30T08:29:19.162-07:00\"}" | 2024-04-30 03:29:19PM |-------------------------------------------------------------------
posted
"{\"Item\":{\"Name\":\"Fanta 300mls\",\"Sku\":\"Fanta 300mls\",\"Active\":true,\"FullyQualifiedName\":\"Fanta 300mls\",\"Taxable\":false,\"SalesTaxIncluded\":true,\"UnitPrice\":1000,\"Type\":\"Inventory\",\"IncomeAccountRef\":{\"value\":\"216\",\"name\":\"Sales of Product Income\"},\"PurchaseTaxIncluded\":false,\"PurchaseCost\":0,\"ExpenseAccountRef\":{\"value\":\"217\",\"name\":\"Cost of sales\"},\"AssetAccountRef\":{\"value\":\"218\",\"name\":\"Stock Asset\"},\"TrackQtyOnHand\":true,\"QtyOnHand\":13,\"ReorderPoint\":2,\"SalesTaxCodeRef\":{\"value\":\"51\",\"name\":\"VAT\"},\"InvStartDate\":\"2024-04-29\",\"domain\":\"QBO\",\"sparse\":false,\"Id\":\"1251\",\"SyncToken\":\"0\",\"MetaData\":{\"CreateTime\":\"2024-04-29T10:26:25-07:00\",\"LastUpdatedTime\":\"2024-04-29T10:30:20-07:00\"}},\"time\":\"2024-04-30T08:30:26.648-07:00\"}" | 2024-04-30 03:30:26PM |-------------------------------------------------------------------
posted
"{\"Item\":{\"Name\":\"Fanta 300mls\",\"Sku\":\"Fanta 300mls\",\"Active\":true,\"FullyQualifiedName\":\"Fanta 300mls\",\"Taxable\":false,\"SalesTaxIncluded\":true,\"UnitPrice\":1000,\"Type\":\"Inventory\",\"IncomeAccountRef\":{\"value\":\"216\",\"name\":\"Sales of Product Income\"},\"PurchaseTaxIncluded\":false,\"PurchaseCost\":0,\"ExpenseAccountRef\":{\"value\":\"217\",\"name\":\"Cost of sales\"},\"AssetAccountRef\":{\"value\":\"218\",\"name\":\"Stock Asset\"},\"TrackQtyOnHand\":true,\"QtyOnHand\":13,\"ReorderPoint\":2,\"SalesTaxCodeRef\":{\"value\":\"51\",\"name\":\"VAT\"},\"InvStartDate\":\"2024-04-29\",\"domain\":\"QBO\",\"sparse\":false,\"Id\":\"1251\",\"SyncToken\":\"0\",\"MetaData\":{\"CreateTime\":\"2024-04-29T10:26:25-07:00\",\"LastUpdatedTime\":\"2024-04-29T10:30:20-07:00\"}},\"time\":\"2024-04-30T08:31:24.623-07:00\"}" | 2024-04-30 03:31:24PM |-------------------------------------------------------------------
posted
"{\"Item\":{\"Name\":\"Fanta 300mls\",\"Sku\":\"Fanta 300mls\",\"Active\":true,\"FullyQualifiedName\":\"Fanta 300mls\",\"Taxable\":false,\"SalesTaxIncluded\":true,\"UnitPrice\":1000,\"Type\":\"Inventory\",\"IncomeAccountRef\":{\"value\":\"216\",\"name\":\"Sales of Product Income\"},\"PurchaseTaxIncluded\":false,\"PurchaseCost\":0,\"ExpenseAccountRef\":{\"value\":\"217\",\"name\":\"Cost of sales\"},\"AssetAccountRef\":{\"value\":\"218\",\"name\":\"Stock Asset\"},\"TrackQtyOnHand\":true,\"QtyOnHand\":13,\"ReorderPoint\":2,\"SalesTaxCodeRef\":{\"value\":\"51\",\"name\":\"VAT\"},\"InvStartDate\":\"2024-04-29\",\"domain\":\"QBO\",\"sparse\":false,\"Id\":\"1251\",\"SyncToken\":\"0\",\"MetaData\":{\"CreateTime\":\"2024-04-29T10:26:25-07:00\",\"LastUpdatedTime\":\"2024-04-29T10:30:20-07:00\"}},\"time\":\"2024-04-30T08:32:07.351-07:00\"}" | 2024-04-30 03:32:07PM |-------------------------------------------------------------------
posted
"{\"Item\":{\"Name\":\"Fanta 300mls\",\"Sku\":\"Fanta 300mls\",\"Active\":true,\"FullyQualifiedName\":\"Fanta 300mls\",\"Taxable\":false,\"SalesTaxIncluded\":true,\"UnitPrice\":1000,\"Type\":\"Inventory\",\"IncomeAccountRef\":{\"value\":\"216\",\"name\":\"Sales of Product Income\"},\"PurchaseTaxIncluded\":false,\"PurchaseCost\":0,\"ExpenseAccountRef\":{\"value\":\"217\",\"name\":\"Cost of sales\"},\"AssetAccountRef\":{\"value\":\"218\",\"name\":\"Stock Asset\"},\"TrackQtyOnHand\":true,\"QtyOnHand\":13,\"ReorderPoint\":2,\"SalesTaxCodeRef\":{\"value\":\"51\",\"name\":\"VAT\"},\"InvStartDate\":\"2024-04-29\",\"domain\":\"QBO\",\"sparse\":false,\"Id\":\"1251\",\"SyncToken\":\"0\",\"MetaData\":{\"CreateTime\":\"2024-04-29T10:26:25-07:00\",\"LastUpdatedTime\":\"2024-04-29T10:30:20-07:00\"}},\"time\":\"2024-04-30T08:32:51.783-07:00\"}" | 2024-04-30 03:32:51PM |-------------------------------------------------------------------
posted
"{\"Item\":{\"Name\":\"Fanta 300mls\",\"Sku\":\"Fanta 300mls\",\"Active\":true,\"FullyQualifiedName\":\"Fanta 300mls\",\"Taxable\":false,\"SalesTaxIncluded\":true,\"UnitPrice\":1000,\"Type\":\"Inventory\",\"IncomeAccountRef\":{\"value\":\"216\",\"name\":\"Sales of Product Income\"},\"PurchaseTaxIncluded\":false,\"PurchaseCost\":0,\"ExpenseAccountRef\":{\"value\":\"217\",\"name\":\"Cost of sales\"},\"AssetAccountRef\":{\"value\":\"218\",\"name\":\"Stock Asset\"},\"TrackQtyOnHand\":true,\"QtyOnHand\":13,\"ReorderPoint\":2,\"SalesTaxCodeRef\":{\"value\":\"51\",\"name\":\"VAT\"},\"InvStartDate\":\"2024-04-29\",\"domain\":\"QBO\",\"sparse\":false,\"Id\":\"1251\",\"SyncToken\":\"0\",\"MetaData\":{\"CreateTime\":\"2024-04-29T10:26:25-07:00\",\"LastUpdatedTime\":\"2024-04-29T10:30:20-07:00\"}},\"time\":\"2024-04-30T08:33:10.218-07:00\"}" | 2024-04-30 03:33:10PM |-------------------------------------------------------------------
posted
"{\"Item\":{\"Name\":\"Fanta 300mls\",\"Sku\":\"Fanta 300mls\",\"Active\":true,\"FullyQualifiedName\":\"Fanta 300mls\",\"Taxable\":false,\"SalesTaxIncluded\":true,\"UnitPrice\":1000,\"Type\":\"Inventory\",\"IncomeAccountRef\":{\"value\":\"216\",\"name\":\"Sales of Product Income\"},\"PurchaseTaxIncluded\":false,\"PurchaseCost\":0,\"ExpenseAccountRef\":{\"value\":\"217\",\"name\":\"Cost of sales\"},\"AssetAccountRef\":{\"value\":\"218\",\"name\":\"Stock Asset\"},\"TrackQtyOnHand\":true,\"QtyOnHand\":13,\"ReorderPoint\":2,\"SalesTaxCodeRef\":{\"value\":\"51\",\"name\":\"VAT\"},\"InvStartDate\":\"2024-04-29\",\"domain\":\"QBO\",\"sparse\":false,\"Id\":\"1251\",\"SyncToken\":\"0\",\"MetaData\":{\"CreateTime\":\"2024-04-29T10:26:25-07:00\",\"LastUpdatedTime\":\"2024-04-29T10:30:20-07:00\"}},\"time\":\"2024-04-30T08:34:05.653-07:00\"}" | 2024-04-30 03:34:05PM |-------------------------------------------------------------------
posted